Analysis & Synthesis report for Lab4
Wed Nov 20 20:08:42 2024
Quartus Prime Version 17.0.0 Build 595 04/25/2017 SJ Lite Edition


---------------------
; Table of Contents ;
---------------------
  1. Legal Notice
  2. Analysis & Synthesis Summary
  3. Analysis & Synthesis Settings
  4. Parallel Compilation
  5. Analysis & Synthesis Messages



----------------
; Legal Notice ;
----------------
Copyright (C) 2017  Intel Corporation. All rights reserved.
Your use of Intel Corporation's design tools, logic functions 
and other software and tools, and its AMPP partner logic 
functions, and any output files from any of the foregoing 
(including device programming or simulation files), and any 
associated documentation or information are expressly subject 
to the terms and conditions of the Intel Program License 
Subscription Agreement, the Intel Quartus Prime License Agreement,
the Intel MegaCore Function License Agreement, or other 
applicable license agreement, including, without limitation, 
that your use is for the sole purpose of programming logic 
devices manufactured by Intel and sold by Intel or its 
authorized distributors.  Please refer to the applicable 
agreement for further details.



+---------------------------------------------------------------------------+
; Analysis & Synthesis Summary                                              ;
+-----------------------------+---------------------------------------------+
; Analysis & Synthesis Status ; Failed - Wed Nov 20 20:08:42 2024           ;
; Quartus Prime Version       ; 17.0.0 Build 595 04/25/2017 SJ Lite Edition ;
; Revision Name               ; Lab4                                        ;
; Top-level Entity Name       ; cpu                                         ;
; Family                      ; Cyclone V                                   ;
; Logic utilization (in ALMs) ; N/A until Partition Merge                   ;
; Total registers             ; N/A until Partition Merge                   ;
; Total pins                  ; N/A until Partition Merge                   ;
; Total virtual pins          ; N/A until Partition Merge                   ;
; Total block memory bits     ; N/A until Partition Merge                   ;
; Total PLLs                  ; N/A until Partition Merge                   ;
; Total DLLs                  ; N/A until Partition Merge                   ;
+-----------------------------+---------------------------------------------+


+---------------------------------------------------------------------------------------------------------------------------+
; Analysis & Synthesis Settings                                                                                             ;
+---------------------------------------------------------------------------------+--------------------+--------------------+
; Option                                                                          ; Setting            ; Default Value      ;
+---------------------------------------------------------------------------------+--------------------+--------------------+
; Device                                                                          ; 5CGXFC7C7F23C8     ;                    ;
; Top-level entity name                                                           ; cpu                ; Lab4               ;
; Family name                                                                     ; Cyclone V          ; Cyclone V          ;
; Use smart compilation                                                           ; Off                ; Off                ;
; Enable parallel Assembler and TimeQuest Timing Analyzer during compilation      ; On                 ; On                 ;
; Enable compact report table                                                     ; Off                ; Off                ;
; Restructure Multiplexers                                                        ; Auto               ; Auto               ;
; MLAB Add Timing Constraints For Mixed-Port Feed-Through Mode Setting Don't Care ; Off                ; Off                ;
; Create Debugging Nodes for IP Cores                                             ; Off                ; Off                ;
; Preserve fewer node names                                                       ; On                 ; On                 ;
; OpenCore Plus hardware evaluation                                               ; Enable             ; Enable             ;
; Verilog Version                                                                 ; Verilog_2001       ; Verilog_2001       ;
; VHDL Version                                                                    ; VHDL_1993          ; VHDL_1993          ;
; State Machine Processing                                                        ; Auto               ; Auto               ;
; Safe State Machine                                                              ; Off                ; Off                ;
; Extract Verilog State Machines                                                  ; On                 ; On                 ;
; Extract VHDL State Machines                                                     ; On                 ; On                 ;
; Ignore Verilog initial constructs                                               ; Off                ; Off                ;
; Iteration limit for constant Verilog loops                                      ; 5000               ; 5000               ;
; Iteration limit for non-constant Verilog loops                                  ; 250                ; 250                ;
; Add Pass-Through Logic to Inferred RAMs                                         ; On                 ; On                 ;
; Infer RAMs from Raw Logic                                                       ; On                 ; On                 ;
; Parallel Synthesis                                                              ; On                 ; On                 ;
; DSP Block Balancing                                                             ; Auto               ; Auto               ;
; NOT Gate Push-Back                                                              ; On                 ; On                 ;
; Power-Up Don't Care                                                             ; On                 ; On                 ;
; Remove Redundant Logic Cells                                                    ; Off                ; Off                ;
; Remove Duplicate Registers                                                      ; On                 ; On                 ;
; Ignore CARRY Buffers                                                            ; Off                ; Off                ;
; Ignore CASCADE Buffers                                                          ; Off                ; Off                ;
; Ignore GLOBAL Buffers                                                           ; Off                ; Off                ;
; Ignore ROW GLOBAL Buffers                                                       ; Off                ; Off                ;
; Ignore LCELL Buffers                                                            ; Off                ; Off                ;
; Ignore SOFT Buffers                                                             ; On                 ; On                 ;
; Limit AHDL Integers to 32 Bits                                                  ; Off                ; Off                ;
; Optimization Technique                                                          ; Balanced           ; Balanced           ;
; Carry Chain Length                                                              ; 70                 ; 70                 ;
; Auto Carry Chains                                                               ; On                 ; On                 ;
; Auto Open-Drain Pins                                                            ; On                 ; On                 ;
; Perform WYSIWYG Primitive Resynthesis                                           ; Off                ; Off                ;
; Auto ROM Replacement                                                            ; On                 ; On                 ;
; Auto RAM Replacement                                                            ; On                 ; On                 ;
; Auto DSP Block Replacement                                                      ; On                 ; On                 ;
; Auto Shift Register Replacement                                                 ; Auto               ; Auto               ;
; Allow Shift Register Merging across Hierarchies                                 ; Auto               ; Auto               ;
; Auto Clock Enable Replacement                                                   ; On                 ; On                 ;
; Strict RAM Replacement                                                          ; Off                ; Off                ;
; Allow Synchronous Control Signals                                               ; On                 ; On                 ;
; Force Use of Synchronous Clear Signals                                          ; Off                ; Off                ;
; Auto Resource Sharing                                                           ; Off                ; Off                ;
; Allow Any RAM Size For Recognition                                              ; Off                ; Off                ;
; Allow Any ROM Size For Recognition                                              ; Off                ; Off                ;
; Allow Any Shift Register Size For Recognition                                   ; Off                ; Off                ;
; Use LogicLock Constraints during Resource Balancing                             ; On                 ; On                 ;
; Ignore translate_off and synthesis_off directives                               ; Off                ; Off                ;
; Timing-Driven Synthesis                                                         ; On                 ; On                 ;
; Report Parameter Settings                                                       ; On                 ; On                 ;
; Report Source Assignments                                                       ; On                 ; On                 ;
; Report Connectivity Checks                                                      ; On                 ; On                 ;
; Ignore Maximum Fan-Out Assignments                                              ; Off                ; Off                ;
; Synchronization Register Chain Length                                           ; 3                  ; 3                  ;
; PowerPlay Power Optimization During Synthesis                                   ; Normal compilation ; Normal compilation ;
; HDL message level                                                               ; Level2             ; Level2             ;
; Suppress Register Optimization Related Messages                                 ; Off                ; Off                ;
; Number of Removed Registers Reported in Synthesis Report                        ; 5000               ; 5000               ;
; Number of Swept Nodes Reported in Synthesis Report                              ; 5000               ; 5000               ;
; Number of Inverted Registers Reported in Synthesis Report                       ; 100                ; 100                ;
; Clock MUX Protection                                                            ; On                 ; On                 ;
; Auto Gated Clock Conversion                                                     ; Off                ; Off                ;
; Block Design Naming                                                             ; Auto               ; Auto               ;
; SDC constraint protection                                                       ; Off                ; Off                ;
; Synthesis Effort                                                                ; Auto               ; Auto               ;
; Shift Register Replacement - Allow Asynchronous Clear Signal                    ; On                 ; On                 ;
; Pre-Mapping Resynthesis Optimization                                            ; Off                ; Off                ;
; Analysis & Synthesis Message Level                                              ; Medium             ; Medium             ;
; Disable Register Merging Across Hierarchies                                     ; Auto               ; Auto               ;
; Resource Aware Inference For Block RAM                                          ; On                 ; On                 ;
; Automatic Parallel Synthesis                                                    ; On                 ; On                 ;
; Partial Reconfiguration Bitstream ID                                            ; Off                ; Off                ;
+---------------------------------------------------------------------------------+--------------------+--------------------+


+------------------------------------------+
; Parallel Compilation                     ;
+----------------------------+-------------+
; Processors                 ; Number      ;
+----------------------------+-------------+
; Number detected on machine ; 12          ;
; Maximum allowed            ; 6           ;
;                            ;             ;
; Average used               ; 1.00        ;
; Maximum used               ; 1           ;
;                            ;             ;
; Usage by Processor         ; % Time Used ;
;     Processor 1            ; 100.0%      ;
+----------------------------+-------------+


+-------------------------------+
; Analysis & Synthesis Messages ;
+-------------------------------+
Info: *******************************************************************
Info: Running Quartus Prime Analysis & Synthesis
    Info: Version 17.0.0 Build 595 04/25/2017 SJ Lite Edition
    Info: Processing started: Wed Nov 20 20:08:27 2024
Info: Command: quartus_map --read_settings_files=on --write_settings_files=off Lab4 -c Lab4
Warning (18236): Number of processors has not been specified which may cause overloading on shared machines.  Set the global assignment NUM_PARALLEL_PROCESSORS in your QSF to an appropriate value for best performance.
Info (20030): Parallel compilation is enabled and will use 6 of the 6 processors detected
Info (12021): Found 1 design units, including 1 entities, in source file sub.sv
    Info (12023): Found entity 1: sub File: U:/EE469/Lab4/sub.sv Line: 2
Info (12021): Found 1 design units, including 1 entities, in source file register.sv
    Info (12023): Found entity 1: register File: U:/EE469/Lab4/register.sv Line: 3
Info (12021): Found 1 design units, including 1 entities, in source file regfile.sv
    Info (12023): Found entity 1: regfile File: U:/EE469/Lab4/regfile.sv Line: 2
Info (12021): Found 1 design units, including 1 entities, in source file mux32_1.sv
    Info (12023): Found entity 1: mux32_1 File: U:/EE469/Lab4/mux32_1.sv Line: 2
Info (12021): Found 1 design units, including 1 entities, in source file mux8_1.sv
    Info (12023): Found entity 1: mux8_1 File: U:/EE469/Lab4/mux8_1.sv Line: 2
Info (12021): Found 1 design units, including 1 entities, in source file mux4_1.sv
    Info (12023): Found entity 1: mux4_1 File: U:/EE469/Lab4/mux4_1.sv Line: 2
Info (12021): Found 1 design units, including 1 entities, in source file mux2_1_64.sv
    Info (12023): Found entity 1: mux2_1_64 File: U:/EE469/Lab4/mux2_1_64.sv Line: 2
Info (12021): Found 1 design units, including 1 entities, in source file mux2_1_5.sv
    Info (12023): Found entity 1: mux2_1_5 File: U:/EE469/Lab4/mux2_1_5.sv Line: 2
Info (12021): Found 1 design units, including 1 entities, in source file mux2_1.sv
    Info (12023): Found entity 1: mux2_1 File: U:/EE469/Lab4/mux2_1.sv Line: 2
Info (12021): Found 4 design units, including 4 entities, in source file math.sv
    Info (12023): Found entity 1: mult File: U:/EE469/Lab4/math.sv Line: 6
    Info (12023): Found entity 2: shifter File: U:/EE469/Lab4/math.sv Line: 36
    Info (12023): Found entity 3: shifter_testbench File: U:/EE469/Lab4/math.sv Line: 51
    Info (12023): Found entity 4: mult_testbench File: U:/EE469/Lab4/math.sv Line: 71
Info (12021): Found 2 design units, including 2 entities, in source file instructmem.sv
    Info (12023): Found entity 1: instructmem File: U:/EE469/Lab4/instructmem.sv Line: 21
    Info (12023): Found entity 2: instructmem_testbench File: U:/EE469/Lab4/instructmem.sv Line: 61
Info (12021): Found 1 design units, including 1 entities, in source file flag0.sv
    Info (12023): Found entity 1: flag0 File: U:/EE469/Lab4/flag0.sv Line: 2
Info (12021): Found 1 design units, including 1 entities, in source file demux3_8.sv
    Info (12023): Found entity 1: demux3_8 File: U:/EE469/Lab4/demux3_8.sv Line: 3
Info (12021): Found 1 design units, including 1 entities, in source file demux2_4.sv
    Info (12023): Found entity 1: demux2_4 File: U:/EE469/Lab4/demux2_4.sv Line: 2
Info (12021): Found 1 design units, including 1 entities, in source file decoder.sv
    Info (12023): Found entity 1: decoder File: U:/EE469/Lab4/decoder.sv Line: 2
Info (12021): Found 1 design units, including 1 entities, in source file datapathpc.sv
    Info (12023): Found entity 1: datapathPC File: U:/EE469/Lab4/datapathPC.sv Line: 2
Info (12021): Found 1 design units, including 1 entities, in source file datapath.sv
    Info (12023): Found entity 1: datapath File: U:/EE469/Lab4/datapath.sv Line: 2
Info (12021): Found 2 design units, including 2 entities, in source file datamem.sv
    Info (12023): Found entity 1: datamem File: U:/EE469/Lab4/datamem.sv Line: 12
    Info (12023): Found entity 2: datamem_testbench File: U:/EE469/Lab4/datamem.sv Line: 70
Info (12021): Found 1 design units, including 1 entities, in source file d_ff.sv
    Info (12023): Found entity 1: D_FF File: U:/EE469/Lab4/D_FF.sv Line: 2
Info (12021): Found 1 design units, including 1 entities, in source file cpu_testbench.sv
    Info (12023): Found entity 1: cpu_testbench File: U:/EE469/Lab4/cpu_testbench.sv Line: 2
Info (12021): Found 1 design units, including 1 entities, in source file cpu.sv
    Info (12023): Found entity 1: cpu File: U:/EE469/Lab4/cpu.sv Line: 2
Info (12021): Found 1 design units, including 1 entities, in source file control.sv
    Info (12023): Found entity 1: control File: U:/EE469/Lab4/control.sv Line: 2
Info (12021): Found 1 design units, including 1 entities, in source file bypass.sv
    Info (12023): Found entity 1: bypass File: U:/EE469/Lab4/bypass.sv Line: 2
Info (12021): Found 1 design units, including 1 entities, in source file alu.sv
    Info (12023): Found entity 1: alu File: U:/EE469/Lab4/alu.sv Line: 2
Info (12021): Found 1 design units, including 1 entities, in source file add.sv
    Info (12023): Found entity 1: add File: U:/EE469/Lab4/add.sv Line: 1
Info (12127): Elaborating entity "cpu" for the top level hierarchy
Info (12128): Elaborating entity "datapathPC" for hierarchy "datapathPC:getPC" File: U:/EE469/Lab4/cpu.sv Line: 23
Info (12128): Elaborating entity "mux2_1_64" for hierarchy "datapathPC:getPC|mux2_1_64:signExt" File: U:/EE469/Lab4/datapathPC.sv Line: 14
Info (12128): Elaborating entity "register" for hierarchy "datapathPC:getPC|register:incase_br" File: U:/EE469/Lab4/datapathPC.sv Line: 18
Info (12128): Elaborating entity "mux2_1" for hierarchy "datapathPC:getPC|register:incase_br|mux2_1:eachFlip[0].wren" File: U:/EE469/Lab4/register.sv Line: 17
Info (12128): Elaborating entity "D_FF" for hierarchy "datapathPC:getPC|register:incase_br|D_FF:eachFlip[0].flipflop" File: U:/EE469/Lab4/register.sv Line: 18
Info (12128): Elaborating entity "alu" for hierarchy "datapathPC:getPC|alu:PCnextBr" File: U:/EE469/Lab4/datapathPC.sv Line: 21
Warning (10030): Net "temp1" at alu.sv(8) has no driver or initial value, using a default initial value '0' File: U:/EE469/Lab4/alu.sv Line: 8
Warning (10030): Net "temp2" at alu.sv(8) has no driver or initial value, using a default initial value '0' File: U:/EE469/Lab4/alu.sv Line: 8
Info (12128): Elaborating entity "bypass" for hierarchy "datapathPC:getPC|alu:PCnextBr|bypass:equal1" File: U:/EE469/Lab4/alu.sv Line: 13
Info (12128): Elaborating entity "add" for hierarchy "datapathPC:getPC|alu:PCnextBr|add:adding1" File: U:/EE469/Lab4/alu.sv Line: 14
Info (12128): Elaborating entity "sub" for hierarchy "datapathPC:getPC|alu:PCnextBr|sub:subtracting1" File: U:/EE469/Lab4/alu.sv Line: 15
Info (12128): Elaborating entity "mux8_1" for hierarchy "datapathPC:getPC|alu:PCnextBr|mux8_1:control1" File: U:/EE469/Lab4/alu.sv Line: 21
Info (12128): Elaborating entity "mux4_1" for hierarchy "datapathPC:getPC|alu:PCnextBr|mux8_1:control1|mux4_1:firsthalf" File: U:/EE469/Lab4/mux8_1.sv Line: 9
Info (12128): Elaborating entity "flag0" for hierarchy "datapathPC:getPC|alu:PCnextBr|flag0:set0" File: U:/EE469/Lab4/alu.sv Line: 63
Info (12128): Elaborating entity "instructmem" for hierarchy "instructmem:getInstr" File: U:/EE469/Lab4/cpu.sv Line: 29
Warning (10175): Verilog HDL warning at instructmem.sv(28): ignoring unsupported system task File: U:/EE469/Lab4/instructmem.sv Line: 28
Error (10170): Verilog HDL syntax error at test06_MulLslLsr.arm(42) near text: _. Check for and fix any syntax errors that appear immediately before or at the specified keyword. The Intel FPGA Knowledge Database contains many articles with specific details on how to resolve this error. Visit the Knowledge Database at https://www.altera.com/support/support-resources/knowledge-base/search.html and search for this specific error message number. File: U:/EE469/Lab3/benchmarks/test06_MulLslLsr.arm Line: 42
Info (10648): Verilog HDL Display System Task info at instructmem.sv(47): Running benchmark:  File: U:/EE469/Lab4/instructmem.sv Line: 47
Error (12152): Can't elaborate user hierarchy "instructmem:getInstr" File: U:/EE469/Lab4/cpu.sv Line: 29
Error: Quartus Prime Analysis & Synthesis was unsuccessful. 2 errors, 4 warnings
    Error: Peak virtual memory: 4778 megabytes
    Error: Processing ended: Wed Nov 20 20:08:42 2024
    Error: Elapsed time: 00:00:15
    Error: Total CPU time (on all processors): 00:00:33


